<?xml version="1.0" encoding="UTF-8"?>
<testng-results retried="1" ignored="0" total="8" passed="6" failed="1" skipped="0">
  <reporter-output>
  </reporter-output>
  <suite started-at="2023-03-22T14:18:10 CET" name="Suite" finished-at="2023-03-22T14:18:51 CET" duration-ms="40595">
    <groups>
    </groups>
    <test started-at="2023-03-22T14:18:10 CET" name="Submit Order Test" finished-at="2023-03-22T14:18:50 CET" duration-ms="39549">
      <class name="Academy.Tricentis.Purchase03">
        <test-method is-config="true" signature="launchApplication()[pri:0, instance:Academy.Tricentis.Purchase03@335b5620]" started-at="2023-03-22T14:18:10 CET" name="launchApplication" finished-at="2023-03-22T14:18:18 CET" duration-ms="7255" status="PASS">
          <reporter-output>
          </reporter-output>
        </test-method> <!-- launchApplication -->
        <test-method signature="submitOrder()[pri:0, instance:Academy.Tricentis.Purchase03@335b5620]" started-at="2023-03-22T14:18:18 CET" name="submitOrder" finished-at="2023-03-22T14:18:49 CET" duration-ms="31553" status="PASS">
          <reporter-output>
          </reporter-output>
        </test-method> <!-- submitOrder -->
        <test-method is-config="true" signature="closeBrowser()[pri:0, instance:Academy.Tricentis.Purchase03@335b5620]" started-at="2023-03-22T14:18:50 CET" name="closeBrowser" finished-at="2023-03-22T14:18:50 CET" duration-ms="194" status="PASS">
          <reporter-output>
          </reporter-output>
        </test-method> <!-- closeBrowser -->
      </class> <!-- Academy.Tricentis.Purchase03 -->
    </test> <!-- Submit Order Test -->
    <test started-at="2023-03-22T14:18:10 CET" name="Wrong Credentials Login Test" finished-at="2023-03-22T14:18:51 CET" duration-ms="40595">
      <class name="Academy.Tricentis.LoginNegative04">
        <test-method is-config="true" signature="launchApplication()[pri:0, instance:Academy.Tricentis.LoginNegative04@f316aeb]" started-at="2023-03-22T14:18:11 CET" name="launchApplication" finished-at="2023-03-22T14:18:18 CET" duration-ms="6757" status="PASS">
          <reporter-output>
          </reporter-output>
        </test-method> <!-- launchApplication -->
        <test-method signature="loginWrongCredentials(java.util.HashMap)[pri:0, instance:Academy.Tricentis.LoginNegative04@f316aeb]" started-at="2023-03-22T14:18:18 CET" name="loginWrongCredentials" data-provider="getData" finished-at="2023-03-22T14:18:19 CET" duration-ms="1324" status="PASS">
          <params>
            <param index="0">
              <value>
                <![CDATA[{emailJson=unknownxjk@gmail.com, passwordJson=wrongPassword, errorMessageJson=The credentials provided are incorrect}]]>
              </value>
            </param>
          </params>
          <reporter-output>
          </reporter-output>
        </test-method> <!-- loginWrongCredentials -->
        <test-method is-config="true" signature="closeBrowser()[pri:0, instance:Academy.Tricentis.LoginNegative04@f316aeb]" started-at="2023-03-22T14:18:19 CET" name="closeBrowser" finished-at="2023-03-22T14:18:20 CET" duration-ms="266" status="PASS">
          <reporter-output>
          </reporter-output>
        </test-method> <!-- closeBrowser -->
        <test-method is-config="true" signature="launchApplication()[pri:0, instance:Academy.Tricentis.LoginNegative04@f316aeb]" started-at="2023-03-22T14:18:20 CET" name="launchApplication" finished-at="2023-03-22T14:18:23 CET" duration-ms="3244" status="PASS">
          <reporter-output>
          </reporter-output>
        </test-method> <!-- launchApplication -->
        <test-method signature="loginWrongCredentials(java.util.HashMap)[pri:0, instance:Academy.Tricentis.LoginNegative04@f316aeb]" started-at="2023-03-22T14:18:23 CET" name="loginWrongCredentials" data-provider="getData" finished-at="2023-03-22T14:18:24 CET" duration-ms="1124" status="PASS">
          <params>
            <param index="0">
              <value>
                <![CDATA[{emailJson=wrongEmail@gmail.com, passwordJson=kojikurac123, errorMessageJson=No customer account found}]]>
              </value>
            </param>
          </params>
          <reporter-output>
          </reporter-output>
        </test-method> <!-- loginWrongCredentials -->
        <test-method is-config="true" signature="closeBrowser()[pri:0, instance:Academy.Tricentis.LoginNegative04@f316aeb]" started-at="2023-03-22T14:18:24 CET" name="closeBrowser" finished-at="2023-03-22T14:18:25 CET" duration-ms="224" status="PASS">
          <reporter-output>
          </reporter-output>
        </test-method> <!-- closeBrowser -->
        <test-method is-config="true" signature="launchApplication()[pri:0, instance:Academy.Tricentis.LoginNegative04@f316aeb]" started-at="2023-03-22T14:18:25 CET" name="launchApplication" finished-at="2023-03-22T14:18:28 CET" duration-ms="3115" status="PASS">
          <reporter-output>
          </reporter-output>
        </test-method> <!-- launchApplication -->
        <test-method signature="loginWrongCredentials(java.util.HashMap)[pri:0, instance:Academy.Tricentis.LoginNegative04@f316aeb]" started-at="2023-03-22T14:18:28 CET" name="loginWrongCredentials" data-provider="getData" finished-at="2023-03-22T14:18:29 CET" duration-ms="1091" status="PASS">
          <params>
            <param index="0">
              <value>
                <![CDATA[{emailJson=unknownxjk@gmail.com, passwordJson=, errorMessageJson=The credentials provided are incorrect}]]>
              </value>
            </param>
          </params>
          <reporter-output>
          </reporter-output>
        </test-method> <!-- loginWrongCredentials -->
        <test-method is-config="true" signature="closeBrowser()[pri:0, instance:Academy.Tricentis.LoginNegative04@f316aeb]" started-at="2023-03-22T14:18:29 CET" name="closeBrowser" finished-at="2023-03-22T14:18:29 CET" duration-ms="166" status="PASS">
          <reporter-output>
          </reporter-output>
        </test-method> <!-- closeBrowser -->
        <test-method is-config="true" signature="launchApplication()[pri:0, instance:Academy.Tricentis.LoginNegative04@f316aeb]" started-at="2023-03-22T14:18:29 CET" name="launchApplication" finished-at="2023-03-22T14:18:32 CET" duration-ms="3357" status="PASS">
          <reporter-output>
          </reporter-output>
        </test-method> <!-- launchApplication -->
        <test-method signature="loginWrongCredentials(java.util.HashMap)[pri:0, instance:Academy.Tricentis.LoginNegative04@f316aeb]" started-at="2023-03-22T14:18:32 CET" name="loginWrongCredentials" data-provider="getData" finished-at="2023-03-22T14:18:34 CET" duration-ms="1067" status="PASS">
          <params>
            <param index="0">
              <value>
                <![CDATA[{emailJson=, passwordJson=kojikurac123, errorMessageJson=No customer account found}]]>
              </value>
            </param>
          </params>
          <reporter-output>
          </reporter-output>
        </test-method> <!-- loginWrongCredentials -->
        <test-method is-config="true" signature="closeBrowser()[pri:0, instance:Academy.Tricentis.LoginNegative04@f316aeb]" started-at="2023-03-22T14:18:34 CET" name="closeBrowser" finished-at="2023-03-22T14:18:34 CET" duration-ms="185" status="PASS">
          <reporter-output>
          </reporter-output>
        </test-method> <!-- closeBrowser -->
        <test-method is-config="true" signature="launchApplication()[pri:0, instance:Academy.Tricentis.LoginNegative04@f316aeb]" started-at="2023-03-22T14:18:34 CET" name="launchApplication" finished-at="2023-03-22T14:18:39 CET" duration-ms="4950" status="PASS">
          <reporter-output>
          </reporter-output>
        </test-method> <!-- launchApplication -->
        <test-method retried="true" signature="loginWrongCredentials(java.util.HashMap)[pri:0, instance:Academy.Tricentis.LoginNegative04@f316aeb]" started-at="2023-03-22T14:18:39 CET" name="loginWrongCredentials" data-provider="getData" finished-at="2023-03-22T14:18:40 CET" duration-ms="1203" status="SKIP">
          <params>
            <param index="0">
              <value>
                <![CDATA[{emailJson=wrongEmail@gmail.com, passwordJson=wrongPassword, errorMessageJson=No customer account found!!!}]]>
              </value>
            </param>
          </params>
          <exception class="java.lang.AssertionError">
            <message>
              <![CDATA[expected [No customer account found!!!] but found [No customer account found]]]>
            </message>
            <full-stacktrace>
              <![CDATA[java.lang.AssertionError: expected [No customer account found!!!] but found [No customer account found]
at org.testng.Assert.fail(Assert.java:110)
at org.testng.Assert.failNotEquals(Assert.java:1413)
at org.testng.Assert.assertEqualsImpl(Assert.java:149)
at org.testng.Assert.assertEquals(Assert.java:131)
at org.testng.Assert.assertEquals(Assert.java:655)
at org.testng.Assert.assertEquals(Assert.java:665)
at Academy.Tricentis.LoginNegative04.loginWrongCredentials(LoginNegative04.java:48)
at java.base/jdk.internal.reflect.NativeMethodAccessorImpl.invoke0(Native Method)
at java.base/jdk.internal.reflect.NativeMethodAccessorImpl.invoke(NativeMethodAccessorImpl.java:62)
at java.base/jdk.internal.reflect.DelegatingMethodAccessorImpl.invoke(DelegatingMethodAccessorImpl.java:43)
at java.base/java.lang.reflect.Method.invoke(Method.java:566)
at org.testng.internal.invokers.MethodInvocationHelper.invokeMethod(MethodInvocationHelper.java:139)
at org.testng.internal.invokers.TestInvoker.invokeMethod(TestInvoker.java:677)
at org.testng.internal.invokers.TestInvoker.invokeTestMethod(TestInvoker.java:221)
at org.testng.internal.invokers.MethodRunner.runInSequence(MethodRunner.java:50)
at org.testng.internal.invokers.TestInvoker$MethodInvocationAgent.invoke(TestInvoker.java:962)
at org.testng.internal.invokers.TestInvoker.invokeTestMethods(TestInvoker.java:194)
at org.testng.internal.invokers.TestMethodWorker.invokeTestMethods(TestMethodWorker.java:148)
at org.testng.internal.invokers.TestMethodWorker.run(TestMethodWorker.java:128)
at java.base/java.util.ArrayList.forEach(ArrayList.java:1541)
at org.testng.TestRunner.privateRun(TestRunner.java:806)
at org.testng.TestRunner.run(TestRunner.java:601)
at org.testng.SuiteRunner.runTest(SuiteRunner.java:433)
at org.testng.SuiteRunner$SuiteWorker.run(SuiteRunner.java:471)
at org.testng.internal.thread.ThreadUtil.lambda$execute$0(ThreadUtil.java:58)
at java.base/java.util.concurrent.FutureTask.run(FutureTask.java:264)
at java.base/java.util.concurrent.ThreadPoolExecutor.runWorker(ThreadPoolExecutor.java:1128)
at java.base/java.util.concurrent.ThreadPoolExecutor$Worker.run(ThreadPoolExecutor.java:628)
at java.base/java.lang.Thread.run(Thread.java:834)
]]>
            </full-stacktrace>
          </exception> <!-- java.lang.AssertionError -->
          <reporter-output>
          </reporter-output>
        </test-method> <!-- loginWrongCredentials -->
        <test-method is-config="true" signature="closeBrowser()[pri:0, instance:Academy.Tricentis.LoginNegative04@f316aeb]" started-at="2023-03-22T14:18:40 CET" name="closeBrowser" finished-at="2023-03-22T14:18:40 CET" duration-ms="175" status="PASS">
          <reporter-output>
          </reporter-output>
        </test-method> <!-- closeBrowser -->
        <test-method is-config="true" signature="launchApplication()[pri:0, instance:Academy.Tricentis.LoginNegative04@f316aeb]" started-at="2023-03-22T14:18:40 CET" name="launchApplication" finished-at="2023-03-22T14:18:44 CET" duration-ms="3588" status="PASS">
          <reporter-output>
          </reporter-output>
        </test-method> <!-- launchApplication -->
        <test-method signature="loginWrongCredentials(java.util.HashMap)[pri:0, instance:Academy.Tricentis.LoginNegative04@f316aeb]" started-at="2023-03-22T14:18:44 CET" name="loginWrongCredentials" data-provider="getData" finished-at="2023-03-22T14:18:45 CET" duration-ms="1229" status="FAIL">
          <params>
            <param index="0">
              <value>
                <![CDATA[{emailJson=wrongEmail@gmail.com, passwordJson=wrongPassword, errorMessageJson=No customer account found!!!}]]>
              </value>
            </param>
          </params>
          <exception class="java.lang.AssertionError">
            <message>
              <![CDATA[expected [No customer account found!!!] but found [No customer account found]]]>
            </message>
            <full-stacktrace>
              <![CDATA[java.lang.AssertionError: expected [No customer account found!!!] but found [No customer account found]
at org.testng.Assert.fail(Assert.java:110)
at org.testng.Assert.failNotEquals(Assert.java:1413)
at org.testng.Assert.assertEqualsImpl(Assert.java:149)
at org.testng.Assert.assertEquals(Assert.java:131)
at org.testng.Assert.assertEquals(Assert.java:655)
at org.testng.Assert.assertEquals(Assert.java:665)
at Academy.Tricentis.LoginNegative04.loginWrongCredentials(LoginNegative04.java:48)
at java.base/jdk.internal.reflect.NativeMethodAccessorImpl.invoke0(Native Method)
at java.base/jdk.internal.reflect.NativeMethodAccessorImpl.invoke(NativeMethodAccessorImpl.java:62)
at java.base/jdk.internal.reflect.DelegatingMethodAccessorImpl.invoke(DelegatingMethodAccessorImpl.java:43)
at java.base/java.lang.reflect.Method.invoke(Method.java:566)
at org.testng.internal.invokers.MethodInvocationHelper.invokeMethod(MethodInvocationHelper.java:139)
at org.testng.internal.invokers.TestInvoker.invokeMethod(TestInvoker.java:677)
at org.testng.internal.invokers.TestInvoker.retryFailed(TestInvoker.java:263)
at org.testng.internal.invokers.MethodRunner.runInSequence(MethodRunner.java:62)
at org.testng.internal.invokers.TestInvoker$MethodInvocationAgent.invoke(TestInvoker.java:962)
at org.testng.internal.invokers.TestInvoker.invokeTestMethods(TestInvoker.java:194)
at org.testng.internal.invokers.TestMethodWorker.invokeTestMethods(TestMethodWorker.java:148)
at org.testng.internal.invokers.TestMethodWorker.run(TestMethodWorker.java:128)
at java.base/java.util.ArrayList.forEach(ArrayList.java:1541)
at org.testng.TestRunner.privateRun(TestRunner.java:806)
at org.testng.TestRunner.run(TestRunner.java:601)
at org.testng.SuiteRunner.runTest(SuiteRunner.java:433)
at org.testng.SuiteRunner$SuiteWorker.run(SuiteRunner.java:471)
at org.testng.internal.thread.ThreadUtil.lambda$execute$0(ThreadUtil.java:58)
at java.base/java.util.concurrent.FutureTask.run(FutureTask.java:264)
at java.base/java.util.concurrent.ThreadPoolExecutor.runWorker(ThreadPoolExecutor.java:1128)
at java.base/java.util.concurrent.ThreadPoolExecutor$Worker.run(ThreadPoolExecutor.java:628)
at java.base/java.lang.Thread.run(Thread.java:834)
]]>
            </full-stacktrace>
          </exception> <!-- java.lang.AssertionError -->
          <reporter-output>
          </reporter-output>
        </test-method> <!-- loginWrongCredentials -->
        <test-method is-config="true" signature="closeBrowser()[pri:0, instance:Academy.Tricentis.LoginNegative04@f316aeb]" started-at="2023-03-22T14:18:45 CET" name="closeBrowser" finished-at="2023-03-22T14:18:45 CET" duration-ms="166" status="PASS">
          <reporter-output>
          </reporter-output>
        </test-method> <!-- closeBrowser -->
        <test-method is-config="true" signature="launchApplication()[pri:0, instance:Academy.Tricentis.LoginNegative04@f316aeb]" started-at="2023-03-22T14:18:45 CET" name="launchApplication" finished-at="2023-03-22T14:18:49 CET" duration-ms="3655" status="PASS">
          <reporter-output>
          </reporter-output>
        </test-method> <!-- launchApplication -->
        <test-method signature="loginWrongCredentials(java.util.HashMap)[pri:0, instance:Academy.Tricentis.LoginNegative04@f316aeb]" started-at="2023-03-22T14:18:49 CET" name="loginWrongCredentials" data-provider="getData" finished-at="2023-03-22T14:18:50 CET" duration-ms="1264" status="PASS">
          <params>
            <param index="0">
              <value>
                <![CDATA[{emailJson=, passwordJson=, errorMessageJson=No customer account found}]]>
              </value>
            </param>
          </params>
          <reporter-output>
          </reporter-output>
        </test-method> <!-- loginWrongCredentials -->
        <test-method is-config="true" signature="closeBrowser()[pri:0, instance:Academy.Tricentis.LoginNegative04@f316aeb]" started-at="2023-03-22T14:18:51 CET" name="closeBrowser" finished-at="2023-03-22T14:18:51 CET" duration-ms="375" status="PASS">
          <reporter-output>
          </reporter-output>
        </test-method> <!-- closeBrowser -->
      </class> <!-- Academy.Tricentis.LoginNegative04 -->
    </test> <!-- Wrong Credentials Login Test -->
  </suite> <!-- Suite -->
</testng-results>
